<?xml version="1.0" encoding="UTF-8"?>
<testng-results ignored="0" total="1" passed="1" failed="0" skipped="0">
  <reporter-output>
  </reporter-output>
  <suite started-at="2026-01-16T05:13:43 UTC" name="Default Suite" finished-at="2026-01-16T05:13:57 UTC" duration-ms="13481">
    <groups>
    </groups>
    <test started-at="2026-01-16T05:13:43 UTC" name="SmartBazaarAutomation" finished-at="2026-01-16T05:13:57 UTC" duration-ms="13481">
      <class name="GetProductPriceTest">
        <test-method is-config="true" signature="setUp()[pri:0, instance:GetProductPriceTest@10e31a9a]" started-at="2026-01-16T05:13:44 UTC" name="setUp" finished-at="2026-01-16T05:13:46 UTC" duration-ms="2646" status="PASS">
          <reporter-output>
          </reporter-output>
        </test-method> <!-- setUp -->
        <test-method signature="searchAndPrice()[pri:0, instance:GetProductPriceTest@10e31a9a]" started-at="2026-01-16T05:13:46 UTC" name="searchAndPrice" finished-at="2026-01-16T05:13:57 UTC" duration-ms="10548" status="PASS">
          <reporter-output>
          </reporter-output>
        </test-method> <!-- searchAndPrice -->
        <test-method is-config="true" signature="teardown()[pri:0, instance:GetProductPriceTest@10e31a9a]" started-at="2026-01-16T05:13:57 UTC" name="teardown" finished-at="2026-01-16T05:13:57 UTC" duration-ms="201" status="PASS">
          <reporter-output>
          </reporter-output>
        </test-method> <!-- teardown -->
      </class> <!-- GetProductPriceTest -->
    </test> <!-- SmartBazaarAutomation -->
  </suite> <!-- Default Suite -->
</testng-results>
