<?xml version="1.0" encoding="UTF-8"?>
<testng-results ignored="0" total="1" passed="1" failed="0" skipped="0">
  <reporter-output>
  </reporter-output>
  <suite started-at="2026-01-16T05:21:48 UTC" name="Default Suite" finished-at="2026-01-16T05:22:03 UTC" duration-ms="15633">
    <groups>
    </groups>
    <test started-at="2026-01-16T05:21:48 UTC" name="SmartBazaarAutomation" finished-at="2026-01-16T05:22:03 UTC" duration-ms="15633">
      <class name="GetProductPriceTest">
        <test-method is-config="true" signature="setUp()[pri:0, instance:GetProductPriceTest@4cc451f2]" started-at="2026-01-16T05:21:48 UTC" name="setUp" finished-at="2026-01-16T05:21:50 UTC" duration-ms="2594" status="PASS">
          <reporter-output>
          </reporter-output>
        </test-method> <!-- setUp -->
        <test-method signature="searchAndPrice()[pri:0, instance:GetProductPriceTest@4cc451f2]" started-at="2026-01-16T05:21:50 UTC" name="searchAndPrice" finished-at="2026-01-16T05:22:03 UTC" duration-ms="12781" status="PASS">
          <reporter-output>
          </reporter-output>
        </test-method> <!-- searchAndPrice -->
        <test-method is-config="true" signature="teardown()[pri:0, instance:GetProductPriceTest@4cc451f2]" started-at="2026-01-16T05:22:03 UTC" name="teardown" finished-at="2026-01-16T05:22:03 UTC" duration-ms="194" status="PASS">
          <reporter-output>
          </reporter-output>
        </test-method> <!-- teardown -->
      </class> <!-- GetProductPriceTest -->
    </test> <!-- SmartBazaarAutomation -->
  </suite> <!-- Default Suite -->
</testng-results>
